2025-05-14 14:01:54,887 - huggingface_hub.file_download - WARNING - Xet Storage is enabled for this repo, but the 'hf_xet' package is not installed. Falling back to regular HTTP download. For better performance, install the package with: `pip install huggingface_hub[hf_xet]` or `pip install hf_xet`
2025-05-14 14:05:15,665 - __main__ - ERROR - Error loading emotion classifier: Could not load model j-hartmann/emotion-english-distilroberta-base with any of the following classes: (<class 'transformers.models.auto.modeling_auto.AutoModelForSequenceClassification'>, <class 'transformers.models.roberta.modeling_roberta.RobertaForSequenceClassification'>). See the original errors:

while loading with AutoModelForSequenceClassification, an error is thrown:
Traceback (most recent call last):
  File "D:\ReactFolio\AIPoweredMentalHealthChatbot\aipython\venv\Lib\site-packages\transformers\pipelines\base.py", line 291, in infer_framework_load_model
    model = model_class.from_pretrained(model, **kwargs)
            ^^^^^^^^^^^^^^^^^^^^^^^^^^^^^^^^^^^^^^^^^^^^
  File "D:\ReactFolio\AIPoweredMentalHealthChatbot\aipython\venv\Lib\site-packages\transformers\models\auto\auto_factory.py", line 571, in from_pretrained
    return model_class.from_pretrained(
           ^^^^^^^^^^^^^^^^^^^^^^^^^^^^
  File "D:\ReactFolio\AIPoweredMentalHealthChatbot\aipython\venv\Lib\site-packages\transformers\modeling_utils.py", line 279, in _wrapper
    return func(*args, **kwargs)
           ^^^^^^^^^^^^^^^^^^^^^
  File "D:\ReactFolio\AIPoweredMentalHealthChatbot\aipython\venv\Lib\site-packages\transformers\modeling_utils.py", line 4260, in from_pretrained
    checkpoint_files, sharded_metadata = _get_resolved_checkpoint_files(
                                         ^^^^^^^^^^^^^^^^^^^^^^^^^^^^^^^
  File "D:\ReactFolio\AIPoweredMentalHealthChatbot\aipython\venv\Lib\site-packages\transformers\modeling_utils.py", line 1100, in _get_resolved_checkpoint_files
    raise EnvironmentError(
OSError: j-hartmann/emotion-english-distilroberta-base does not appear to have a file named pytorch_model.bin, model.safetensors, tf_model.h5, model.ckpt or flax_model.msgpack.

while loading with RobertaForSequenceClassification, an error is thrown:
Traceback (most recent call last):
  File "D:\ReactFolio\AIPoweredMentalHealthChatbot\aipython\venv\Lib\site-packages\transformers\pipelines\base.py", line 291, in infer_framework_load_model
    model = model_class.from_pretrained(model, **kwargs)
            ^^^^^^^^^^^^^^^^^^^^^^^^^^^^^^^^^^^^^^^^^^^^
  File "D:\ReactFolio\AIPoweredMentalHealthChatbot\aipython\venv\Lib\site-packages\transformers\modeling_utils.py", line 279, in _wrapper
    return func(*args, **kwargs)
           ^^^^^^^^^^^^^^^^^^^^^
  File "D:\ReactFolio\AIPoweredMentalHealthChatbot\aipython\venv\Lib\site-packages\transformers\modeling_utils.py", line 4260, in from_pretrained
    checkpoint_files, sharded_metadata = _get_resolved_checkpoint_files(
                                         ^^^^^^^^^^^^^^^^^^^^^^^^^^^^^^^
  File "D:\ReactFolio\AIPoweredMentalHealthChatbot\aipython\venv\Lib\site-packages\transformers\modeling_utils.py", line 1100, in _get_resolved_checkpoint_files
    raise EnvironmentError(
OSError: j-hartmann/emotion-english-distilroberta-base does not appear to have a file named pytorch_model.bin, model.safetensors, tf_model.h5, model.ckpt or flax_model.msgpack.



2025-05-14 14:05:15,905 - werkzeug - INFO - [31m[1mWARNING: This is a development server. Do not use it in a production deployment. Use a production WSGI server instead.[0m
 * Running on all addresses (0.0.0.0)
 * Running on http://127.0.0.1:5000
 * Running on http://127.0.0.1:5000
2025-05-14 14:05:15,905 - werkzeug - INFO - [33mPress CTRL+C to quit[0m
2025-05-14 14:05:15,913 - werkzeug - INFO -  * Restarting with stat
2025-05-14 14:05:50,241 - huggingface_hub.file_download - WARNING - Xet Storage is enabled for this repo, but the 'hf_xet' package is not installed. Falling back to regular HTTP download. For better performance, install the package with: `pip install huggingface_hub[hf_xet]` or `pip install hf_xet`
2025-05-14 14:11:38,260 - huggingface_hub.file_download - WARNING - Error while downloading from https://huggingface.co/j-hartmann/emotion-english-distilroberta-base/resolve/main/pytorch_model.bin: HTTPSConnectionPool(host='cas-bridge.xethub.hf.co', port=443): Read timed out.
Trying to resume download...
2025-05-14 14:11:58,567 - __main__ - ERROR - Error loading emotion classifier: Could not load model j-hartmann/emotion-english-distilroberta-base with any of the following classes: (<class 'transformers.models.auto.modeling_auto.AutoModelForSequenceClassification'>, <class 'transformers.models.roberta.modeling_roberta.RobertaForSequenceClassification'>). See the original errors:

while loading with AutoModelForSequenceClassification, an error is thrown:
Traceback (most recent call last):
  File "D:\ReactFolio\AIPoweredMentalHealthChatbot\aipython\venv\Lib\site-packages\transformers\pipelines\base.py", line 291, in infer_framework_load_model
    model = model_class.from_pretrained(model, **kwargs)
            ^^^^^^^^^^^^^^^^^^^^^^^^^^^^^^^^^^^^^^^^^^^^
  File "D:\ReactFolio\AIPoweredMentalHealthChatbot\aipython\venv\Lib\site-packages\transformers\models\auto\auto_factory.py", line 571, in from_pretrained
    return model_class.from_pretrained(
           ^^^^^^^^^^^^^^^^^^^^^^^^^^^^
  File "D:\ReactFolio\AIPoweredMentalHealthChatbot\aipython\venv\Lib\site-packages\transformers\modeling_utils.py", line 279, in _wrapper
    return func(*args, **kwargs)
           ^^^^^^^^^^^^^^^^^^^^^
  File "D:\ReactFolio\AIPoweredMentalHealthChatbot\aipython\venv\Lib\site-packages\transformers\modeling_utils.py", line 4260, in from_pretrained
    checkpoint_files, sharded_metadata = _get_resolved_checkpoint_files(
                                         ^^^^^^^^^^^^^^^^^^^^^^^^^^^^^^^
  File "D:\ReactFolio\AIPoweredMentalHealthChatbot\aipython\venv\Lib\site-packages\transformers\modeling_utils.py", line 1100, in _get_resolved_checkpoint_files
    raise EnvironmentError(
OSError: j-hartmann/emotion-english-distilroberta-base does not appear to have a file named pytorch_model.bin, model.safetensors, tf_model.h5, model.ckpt or flax_model.msgpack.

while loading with RobertaForSequenceClassification, an error is thrown:
Traceback (most recent call last):
  File "D:\ReactFolio\AIPoweredMentalHealthChatbot\aipython\venv\Lib\site-packages\transformers\pipelines\base.py", line 291, in infer_framework_load_model
    model = model_class.from_pretrained(model, **kwargs)
            ^^^^^^^^^^^^^^^^^^^^^^^^^^^^^^^^^^^^^^^^^^^^
  File "D:\ReactFolio\AIPoweredMentalHealthChatbot\aipython\venv\Lib\site-packages\transformers\modeling_utils.py", line 279, in _wrapper
    return func(*args, **kwargs)
           ^^^^^^^^^^^^^^^^^^^^^
  File "D:\ReactFolio\AIPoweredMentalHealthChatbot\aipython\venv\Lib\site-packages\transformers\modeling_utils.py", line 4260, in from_pretrained
    checkpoint_files, sharded_metadata = _get_resolved_checkpoint_files(
                                         ^^^^^^^^^^^^^^^^^^^^^^^^^^^^^^^
  File "D:\ReactFolio\AIPoweredMentalHealthChatbot\aipython\venv\Lib\site-packages\transformers\modeling_utils.py", line 1100, in _get_resolved_checkpoint_files
    raise EnvironmentError(
OSError: j-hartmann/emotion-english-distilroberta-base does not appear to have a file named pytorch_model.bin, model.safetensors, tf_model.h5, model.ckpt or flax_model.msgpack.



2025-05-14 14:11:58,632 - werkzeug - WARNING -  * Debugger is active!
2025-05-14 14:11:58,638 - werkzeug - INFO -  * Debugger PIN: 701-287-335
2025-05-14 14:14:20,649 - __main__ - ERROR - Error processing message: 
**********************************************************************
  Resource [93mpunkt_tab[0m not found.
  Please use the NLTK Downloader to obtain the resource:

  [31m>>> import nltk
  >>> nltk.download('punkt_tab')
  [0m
  For more information see: https://www.nltk.org/data.html

  Attempted to load [93mtokenizers/punkt_tab/english/[0m

  Searched in:
    - 'C:\\Users\\DELLJ/nltk_data'
    - 'D:\\ReactFolio\\AIPoweredMentalHealthChatbot\\aipython\\venv\\nltk_data'
    - 'D:\\ReactFolio\\AIPoweredMentalHealthChatbot\\aipython\\venv\\share\\nltk_data'
    - 'D:\\ReactFolio\\AIPoweredMentalHealthChatbot\\aipython\\venv\\lib\\nltk_data'
    - 'C:\\Users\\DELLJ\\AppData\\Roaming\\nltk_data'
    - 'C:\\nltk_data'
    - 'D:\\nltk_data'
    - 'E:\\nltk_data'
**********************************************************************

2025-05-14 14:14:20,667 - werkzeug - INFO - 127.0.0.1 - - [14/May/2025 14:14:20] "[35m[1mPOST /api/process HTTP/1.1[0m" 500 -
2025-05-14 14:14:29,472 - __main__ - ERROR - Error processing message: 
**********************************************************************
  Resource [93mpunkt_tab[0m not found.
  Please use the NLTK Downloader to obtain the resource:

  [31m>>> import nltk
  >>> nltk.download('punkt_tab')
  [0m
  For more information see: https://www.nltk.org/data.html

  Attempted to load [93mtokenizers/punkt_tab/english/[0m

  Searched in:
    - 'C:\\Users\\DELLJ/nltk_data'
    - 'D:\\ReactFolio\\AIPoweredMentalHealthChatbot\\aipython\\venv\\nltk_data'
    - 'D:\\ReactFolio\\AIPoweredMentalHealthChatbot\\aipython\\venv\\share\\nltk_data'
    - 'D:\\ReactFolio\\AIPoweredMentalHealthChatbot\\aipython\\venv\\lib\\nltk_data'
    - 'C:\\Users\\DELLJ\\AppData\\Roaming\\nltk_data'
    - 'C:\\nltk_data'
    - 'D:\\nltk_data'
    - 'E:\\nltk_data'
**********************************************************************

2025-05-14 14:14:29,476 - werkzeug - INFO - 127.0.0.1 - - [14/May/2025 14:14:29] "[35m[1mPOST /api/process HTTP/1.1[0m" 500 -
2025-05-14 14:19:49,733 - __main__ - ERROR - Error loading emotion classifier: Could not load model j-hartmann/emotion-english-distilroberta-base with any of the following classes: (<class 'transformers.models.auto.modeling_auto.AutoModelForSequenceClassification'>, <class 'transformers.models.roberta.modeling_roberta.RobertaForSequenceClassification'>). See the original errors:

while loading with AutoModelForSequenceClassification, an error is thrown:
Traceback (most recent call last):
  File "D:\ReactFolio\AIPoweredMentalHealthChatbot\aipython\venv\Lib\site-packages\transformers\pipelines\base.py", line 291, in infer_framework_load_model
    model = model_class.from_pretrained(model, **kwargs)
            ^^^^^^^^^^^^^^^^^^^^^^^^^^^^^^^^^^^^^^^^^^^^
  File "D:\ReactFolio\AIPoweredMentalHealthChatbot\aipython\venv\Lib\site-packages\transformers\models\auto\auto_factory.py", line 571, in from_pretrained
    return model_class.from_pretrained(
           ^^^^^^^^^^^^^^^^^^^^^^^^^^^^
  File "D:\ReactFolio\AIPoweredMentalHealthChatbot\aipython\venv\Lib\site-packages\transformers\modeling_utils.py", line 279, in _wrapper
    return func(*args, **kwargs)
           ^^^^^^^^^^^^^^^^^^^^^
  File "D:\ReactFolio\AIPoweredMentalHealthChatbot\aipython\venv\Lib\site-packages\transformers\modeling_utils.py", line 4260, in from_pretrained
    checkpoint_files, sharded_metadata = _get_resolved_checkpoint_files(
                                         ^^^^^^^^^^^^^^^^^^^^^^^^^^^^^^^
  File "D:\ReactFolio\AIPoweredMentalHealthChatbot\aipython\venv\Lib\site-packages\transformers\modeling_utils.py", line 1100, in _get_resolved_checkpoint_files
    raise EnvironmentError(
OSError: j-hartmann/emotion-english-distilroberta-base does not appear to have a file named pytorch_model.bin, model.safetensors, tf_model.h5, model.ckpt or flax_model.msgpack.

while loading with RobertaForSequenceClassification, an error is thrown:
Traceback (most recent call last):
  File "D:\ReactFolio\AIPoweredMentalHealthChatbot\aipython\venv\Lib\site-packages\transformers\pipelines\base.py", line 291, in infer_framework_load_model
    model = model_class.from_pretrained(model, **kwargs)
            ^^^^^^^^^^^^^^^^^^^^^^^^^^^^^^^^^^^^^^^^^^^^
  File "D:\ReactFolio\AIPoweredMentalHealthChatbot\aipython\venv\Lib\site-packages\transformers\modeling_utils.py", line 279, in _wrapper
    return func(*args, **kwargs)
           ^^^^^^^^^^^^^^^^^^^^^
  File "D:\ReactFolio\AIPoweredMentalHealthChatbot\aipython\venv\Lib\site-packages\transformers\modeling_utils.py", line 4260, in from_pretrained
    checkpoint_files, sharded_metadata = _get_resolved_checkpoint_files(
                                         ^^^^^^^^^^^^^^^^^^^^^^^^^^^^^^^
  File "D:\ReactFolio\AIPoweredMentalHealthChatbot\aipython\venv\Lib\site-packages\transformers\modeling_utils.py", line 1100, in _get_resolved_checkpoint_files
    raise EnvironmentError(
OSError: j-hartmann/emotion-english-distilroberta-base does not appear to have a file named pytorch_model.bin, model.safetensors, tf_model.h5, model.ckpt or flax_model.msgpack.



2025-05-14 14:19:49,801 - werkzeug - INFO - [31m[1mWARNING: This is a development server. Do not use it in a production deployment. Use a production WSGI server instead.[0m
 * Running on all addresses (0.0.0.0)
 * Running on http://127.0.0.1:5000
 * Running on http://127.0.0.1:5000
2025-05-14 14:19:49,802 - werkzeug - INFO - [33mPress CTRL+C to quit[0m
2025-05-14 14:19:49,805 - werkzeug - INFO -  * Restarting with stat
2025-05-14 14:19:55,323 - __main__ - ERROR - Error loading emotion classifier: Could not load model j-hartmann/emotion-english-distilroberta-base with any of the following classes: (<class 'transformers.models.auto.modeling_auto.AutoModelForSequenceClassification'>, <class 'transformers.models.roberta.modeling_roberta.RobertaForSequenceClassification'>). See the original errors:

while loading with AutoModelForSequenceClassification, an error is thrown:
Traceback (most recent call last):
  File "D:\ReactFolio\AIPoweredMentalHealthChatbot\aipython\venv\Lib\site-packages\transformers\pipelines\base.py", line 291, in infer_framework_load_model
    model = model_class.from_pretrained(model, **kwargs)
            ^^^^^^^^^^^^^^^^^^^^^^^^^^^^^^^^^^^^^^^^^^^^
  File "D:\ReactFolio\AIPoweredMentalHealthChatbot\aipython\venv\Lib\site-packages\transformers\models\auto\auto_factory.py", line 571, in from_pretrained
    return model_class.from_pretrained(
           ^^^^^^^^^^^^^^^^^^^^^^^^^^^^
  File "D:\ReactFolio\AIPoweredMentalHealthChatbot\aipython\venv\Lib\site-packages\transformers\modeling_utils.py", line 279, in _wrapper
    return func(*args, **kwargs)
           ^^^^^^^^^^^^^^^^^^^^^
  File "D:\ReactFolio\AIPoweredMentalHealthChatbot\aipython\venv\Lib\site-packages\transformers\modeling_utils.py", line 4260, in from_pretrained
    checkpoint_files, sharded_metadata = _get_resolved_checkpoint_files(
                                         ^^^^^^^^^^^^^^^^^^^^^^^^^^^^^^^
  File "D:\ReactFolio\AIPoweredMentalHealthChatbot\aipython\venv\Lib\site-packages\transformers\modeling_utils.py", line 1100, in _get_resolved_checkpoint_files
    raise EnvironmentError(
OSError: j-hartmann/emotion-english-distilroberta-base does not appear to have a file named pytorch_model.bin, model.safetensors, tf_model.h5, model.ckpt or flax_model.msgpack.

while loading with RobertaForSequenceClassification, an error is thrown:
Traceback (most recent call last):
  File "D:\ReactFolio\AIPoweredMentalHealthChatbot\aipython\venv\Lib\site-packages\transformers\pipelines\base.py", line 291, in infer_framework_load_model
    model = model_class.from_pretrained(model, **kwargs)
            ^^^^^^^^^^^^^^^^^^^^^^^^^^^^^^^^^^^^^^^^^^^^
  File "D:\ReactFolio\AIPoweredMentalHealthChatbot\aipython\venv\Lib\site-packages\transformers\modeling_utils.py", line 279, in _wrapper
    return func(*args, **kwargs)
           ^^^^^^^^^^^^^^^^^^^^^
  File "D:\ReactFolio\AIPoweredMentalHealthChatbot\aipython\venv\Lib\site-packages\transformers\modeling_utils.py", line 4260, in from_pretrained
    checkpoint_files, sharded_metadata = _get_resolved_checkpoint_files(
                                         ^^^^^^^^^^^^^^^^^^^^^^^^^^^^^^^
  File "D:\ReactFolio\AIPoweredMentalHealthChatbot\aipython\venv\Lib\site-packages\transformers\modeling_utils.py", line 1100, in _get_resolved_checkpoint_files
    raise EnvironmentError(
OSError: j-hartmann/emotion-english-distilroberta-base does not appear to have a file named pytorch_model.bin, model.safetensors, tf_model.h5, model.ckpt or flax_model.msgpack.



2025-05-14 14:19:55,333 - werkzeug - WARNING -  * Debugger is active!
2025-05-14 14:19:55,337 - werkzeug - INFO -  * Debugger PIN: 701-287-335
2025-05-14 14:21:38,791 - __main__ - ERROR - Error processing message: 
**********************************************************************
  Resource [93mpunkt_tab[0m not found.
  Please use the NLTK Downloader to obtain the resource:

  [31m>>> import nltk
  >>> nltk.download('punkt_tab')
  [0m
  For more information see: https://www.nltk.org/data.html

  Attempted to load [93mtokenizers/punkt_tab/english/[0m

  Searched in:
    - 'C:\\Users\\DELLJ/nltk_data'
    - 'D:\\ReactFolio\\AIPoweredMentalHealthChatbot\\aipython\\venv\\nltk_data'
    - 'D:\\ReactFolio\\AIPoweredMentalHealthChatbot\\aipython\\venv\\share\\nltk_data'
    - 'D:\\ReactFolio\\AIPoweredMentalHealthChatbot\\aipython\\venv\\lib\\nltk_data'
    - 'C:\\Users\\DELLJ\\AppData\\Roaming\\nltk_data'
    - 'C:\\nltk_data'
    - 'D:\\nltk_data'
    - 'E:\\nltk_data'
**********************************************************************

2025-05-14 14:21:38,793 - werkzeug - INFO - 127.0.0.1 - - [14/May/2025 14:21:38] "[35m[1mPOST /api/process HTTP/1.1[0m" 500 -
2025-05-14 14:26:49,374 - werkzeug - INFO - 127.0.0.1 - - [14/May/2025 14:26:49] "[33mGET / HTTP/1.1[0m" 404 -
2025-05-14 17:17:46,992 - __main__ - INFO - NLTK resources loaded successfully
2025-05-14 17:17:47,182 - werkzeug - INFO - [31m[1mWARNING: This is a development server. Do not use it in a production deployment. Use a production WSGI server instead.[0m
 * Running on all addresses (0.0.0.0)
 * Running on http://127.0.0.1:5000
 * Running on http://192.168.216.112:5000
2025-05-14 17:17:47,183 - werkzeug - INFO - [33mPress CTRL+C to quit[0m
2025-05-14 17:17:47,187 - werkzeug - INFO -  * Restarting with stat
2025-05-14 17:17:50,263 - __main__ - INFO - NLTK resources loaded successfully
2025-05-14 17:17:50,312 - werkzeug - WARNING -  * Debugger is active!
2025-05-14 17:17:50,518 - werkzeug - INFO -  * Debugger PIN: 701-287-335
2025-05-14 17:30:50,712 - __main__ - INFO - NLTK resources loaded successfully
2025-05-14 17:30:52,943 - werkzeug - INFO - [31m[1mWARNING: This is a development server. Do not use it in a production deployment. Use a production WSGI server instead.[0m
 * Running on all addresses (0.0.0.0)
 * Running on http://127.0.0.1:5000
 * Running on http://192.168.216.112:5000
2025-05-14 17:30:52,944 - werkzeug - INFO - [33mPress CTRL+C to quit[0m
2025-05-14 17:30:52,949 - werkzeug - INFO -  * Restarting with stat
2025-05-14 17:31:01,060 - __main__ - INFO - NLTK resources loaded successfully
2025-05-14 17:31:01,181 - werkzeug - WARNING -  * Debugger is active!
2025-05-14 17:31:01,210 - werkzeug - INFO -  * Debugger PIN: 701-287-335
2025-05-14 17:53:15,757 - werkzeug - INFO -  * Detected change in 'D:\\ReactFolio\\AIPoweredMentalHealthChatbot\\aipython\\app.py', reloading
2025-05-14 17:53:16,742 - werkzeug - INFO -  * Restarting with stat
2025-05-15 11:18:17,138 - main - INFO - Successfully downloaded NLTK package: punkt
2025-05-15 11:18:17,538 - main - INFO - Successfully downloaded NLTK package: stopwords
2025-05-15 11:18:18,202 - main - INFO - Successfully downloaded NLTK package: vader_lexicon
2025-05-15 11:18:18,206 - main - INFO - Loaded 12 resources from resources.json
2025-05-15 11:18:18,261 - werkzeug - INFO - [31m[1mWARNING: This is a development server. Do not use it in a production deployment. Use a production WSGI server instead.[0m
 * Running on all addresses (0.0.0.0)
 * Running on http://127.0.0.1:5000
 * Running on http://192.168.223.157:5000
2025-05-15 11:18:18,262 - werkzeug - INFO - [33mPress CTRL+C to quit[0m
2025-05-15 11:18:18,265 - werkzeug - INFO -  * Restarting with stat
2025-05-15 11:18:20,777 - main - INFO - Successfully downloaded NLTK package: punkt
2025-05-15 11:18:20,779 - main - INFO - Successfully downloaded NLTK package: stopwords
2025-05-15 11:18:20,782 - main - INFO - Successfully downloaded NLTK package: vader_lexicon
2025-05-15 11:18:20,782 - main - INFO - Loaded 12 resources from resources.json
2025-05-15 11:18:20,802 - werkzeug - WARNING -  * Debugger is active!
2025-05-15 11:18:20,811 - werkzeug - INFO -  * Debugger PIN: 115-712-167
2025-05-15 11:31:19,330 - main - INFO - Processed message from anonymous: sentiment=neutral, is_crisis=False
2025-05-15 11:31:19,459 - werkzeug - INFO - 127.0.0.1 - - [15/May/2025 11:31:19] "POST /api/process HTTP/1.1" 200 -
2025-05-15 11:50:31,269 - werkzeug - INFO -  * Detected change in 'D:\\ReactFolio\\AIPoweredMentalHealthChatbot\\aipython\\app.py', reloading
2025-05-15 11:50:32,591 - werkzeug - INFO -  * Restarting with stat
2025-05-15 11:50:39,256 - main - INFO - Successfully downloaded NLTK package: punkt
2025-05-15 11:50:39,290 - main - INFO - Successfully downloaded NLTK package: stopwords
2025-05-15 11:50:39,333 - main - INFO - Successfully downloaded NLTK package: vader_lexicon
2025-05-15 11:50:39,361 - main - INFO - Loaded 12 resources from resources.json
2025-05-15 11:50:39,490 - werkzeug - WARNING -  * Debugger is active!
2025-05-15 11:50:39,499 - werkzeug - INFO -  * Debugger PIN: 115-712-167
2025-05-15 11:51:49,496 - werkzeug - INFO -  * Detected change in 'D:\\ReactFolio\\AIPoweredMentalHealthChatbot\\aipython\\app.py', reloading
2025-05-15 11:51:55,380 - main - INFO - Successfully downloaded NLTK package: punkt
2025-05-15 11:51:55,382 - main - INFO - Successfully downloaded NLTK package: stopwords
2025-05-15 11:51:55,383 - main - INFO - Successfully downloaded NLTK package: vader_lexicon
2025-05-15 11:51:55,383 - main - INFO - Loaded 12 resources from resources.json
2025-05-15 11:51:55,413 - werkzeug - INFO - [31m[1mWARNING: This is a development server. Do not use it in a production deployment. Use a production WSGI server instead.[0m
 * Running on all addresses (0.0.0.0)
 * Running on http://127.0.0.1:5000
 * Running on http://192.168.223.157:5000
2025-05-15 11:51:55,414 - werkzeug - INFO - [33mPress CTRL+C to quit[0m
2025-05-15 11:51:55,417 - werkzeug - INFO -  * Restarting with stat
2025-05-15 11:51:58,946 - main - INFO - Successfully downloaded NLTK package: punkt
2025-05-15 11:51:58,947 - main - INFO - Successfully downloaded NLTK package: stopwords
2025-05-15 11:51:58,948 - main - INFO - Successfully downloaded NLTK package: vader_lexicon
2025-05-15 11:51:58,949 - main - INFO - Loaded 12 resources from resources.json
2025-05-15 11:51:58,966 - werkzeug - WARNING -  * Debugger is active!
2025-05-15 11:51:58,972 - werkzeug - INFO -  * Debugger PIN: 115-712-167
2025-05-15 11:52:36,733 - main - INFO - Processed message from anonymous: sentiment=neutral, is_crisis=False
2025-05-15 11:52:36,738 - werkzeug - INFO - 127.0.0.1 - - [15/May/2025 11:52:36] "POST /api/process HTTP/1.1" 200 -
2025-05-15 11:52:45,769 - main - INFO - Processed message from anonymous: sentiment=negative, is_crisis=False
2025-05-15 11:52:45,770 - werkzeug - INFO - 127.0.0.1 - - [15/May/2025 11:52:45] "POST /api/process HTTP/1.1" 200 -
2025-05-15 11:53:09,345 - main - INFO - Processed message from anonymous: sentiment=negative, is_crisis=False
2025-05-15 11:53:09,347 - werkzeug - INFO - 127.0.0.1 - - [15/May/2025 11:53:09] "POST /api/process HTTP/1.1" 200 -
2025-05-15 11:53:27,575 - main - INFO - Processed message from anonymous: sentiment=neutral, is_crisis=False
2025-05-15 11:53:27,576 - werkzeug - INFO - 127.0.0.1 - - [15/May/2025 11:53:27] "POST /api/process HTTP/1.1" 200 -
2025-05-15 11:53:43,203 - main - INFO - Processed message from anonymous: sentiment=neutral, is_crisis=False
2025-05-15 11:53:43,205 - werkzeug - INFO - 127.0.0.1 - - [15/May/2025 11:53:43] "POST /api/process HTTP/1.1" 200 -
2025-05-15 11:54:21,136 - main - INFO - Processed message from anonymous: sentiment=negative, is_crisis=False
2025-05-15 11:54:21,137 - werkzeug - INFO - 127.0.0.1 - - [15/May/2025 11:54:21] "POST /api/process HTTP/1.1" 200 -
2025-05-15 12:00:56,370 - werkzeug - INFO -  * Detected change in 'D:\\ReactFolio\\AIPoweredMentalHealthChatbot\\aipython\\app.py', reloading
2025-05-15 12:00:57,486 - werkzeug - INFO -  * Restarting with stat
2025-05-15 12:01:02,887 - main - INFO - Successfully downloaded NLTK package: punkt
2025-05-15 12:01:02,920 - main - INFO - Successfully downloaded NLTK package: stopwords
2025-05-15 12:01:02,963 - main - INFO - Successfully downloaded NLTK package: vader_lexicon
2025-05-15 12:01:02,991 - main - INFO - Loaded 12 resources from resources.json
2025-05-15 12:01:03,013 - werkzeug - WARNING -  * Debugger is active!
2025-05-15 12:01:03,017 - werkzeug - INFO -  * Debugger PIN: 115-712-167
2025-05-15 12:01:39,322 - werkzeug - INFO -  * Detected change in 'D:\\ReactFolio\\AIPoweredMentalHealthChatbot\\aipython\\app.py', reloading
2025-05-15 12:01:39,603 - werkzeug - INFO -  * Restarting with stat
2025-05-15 12:01:41,915 - main - INFO - Successfully downloaded NLTK package: punkt
2025-05-15 12:01:41,916 - main - INFO - Successfully downloaded NLTK package: stopwords
2025-05-15 12:01:41,917 - main - INFO - Successfully downloaded NLTK package: vader_lexicon
2025-05-15 12:01:41,918 - main - INFO - Loaded 12 resources from resources.json
2025-05-15 12:01:41,927 - werkzeug - WARNING -  * Debugger is active!
2025-05-15 12:01:41,930 - werkzeug - INFO -  * Debugger PIN: 115-712-167
2025-05-15 12:02:13,644 - main - INFO - Processed message from anonymous: sentiment=neutral, is_crisis=False
2025-05-15 12:02:13,647 - werkzeug - INFO - 127.0.0.1 - - [15/May/2025 12:02:13] "POST /api/process HTTP/1.1" 200 -
2025-05-15 12:02:36,166 - main - INFO - Processed message from anonymous: sentiment=negative, is_crisis=False
2025-05-15 12:02:36,167 - werkzeug - INFO - 127.0.0.1 - - [15/May/2025 12:02:36] "POST /api/process HTTP/1.1" 200 -
2025-05-16 10:45:06,109 - main - INFO - Successfully downloaded NLTK package: punkt
2025-05-16 10:45:06,180 - main - INFO - Successfully downloaded NLTK package: stopwords
2025-05-16 10:45:06,247 - main - INFO - Successfully downloaded NLTK package: vader_lexicon
2025-05-16 10:45:06,265 - main - INFO - Loaded 12 resources from resources.json
2025-05-16 10:45:06,865 - werkzeug - INFO - [31m[1mWARNING: This is a development server. Do not use it in a production deployment. Use a production WSGI server instead.[0m
 * Running on all addresses (0.0.0.0)
 * Running on http://127.0.0.1:5000
 * Running on http://192.168.223.157:5000
2025-05-16 10:45:06,866 - werkzeug - INFO - [33mPress CTRL+C to quit[0m
2025-05-16 10:45:06,933 - werkzeug - INFO -  * Restarting with stat
2025-05-16 10:45:10,830 - main - INFO - Successfully downloaded NLTK package: punkt
2025-05-16 10:45:10,831 - main - INFO - Successfully downloaded NLTK package: stopwords
2025-05-16 10:45:10,832 - main - INFO - Successfully downloaded NLTK package: vader_lexicon
2025-05-16 10:45:10,833 - main - INFO - Loaded 12 resources from resources.json
2025-05-16 10:45:10,956 - werkzeug - WARNING -  * Debugger is active!
2025-05-16 10:45:10,960 - werkzeug - INFO -  * Debugger PIN: 576-730-304
2025-05-16 11:23:05,944 - main - INFO - Processed message from anonymous: sentiment=neutral, is_crisis=False
2025-05-16 11:23:05,976 - werkzeug - INFO - 127.0.0.1 - - [16/May/2025 11:23:05] "POST /api/process HTTP/1.1" 200 -
2025-05-17 10:13:18,553 - main - INFO - Successfully downloaded NLTK package: punkt
2025-05-17 10:13:18,625 - main - INFO - Successfully downloaded NLTK package: stopwords
2025-05-17 10:13:18,691 - main - INFO - Successfully downloaded NLTK package: vader_lexicon
2025-05-17 10:13:18,755 - main - INFO - Loaded 12 resources from resources.json
2025-05-17 10:13:18,960 - werkzeug - INFO - [31m[1mWARNING: This is a development server. Do not use it in a production deployment. Use a production WSGI server instead.[0m
 * Running on all addresses (0.0.0.0)
 * Running on http://127.0.0.1:5000
 * Running on http://192.168.223.157:5000
2025-05-17 10:13:18,980 - werkzeug - INFO - [33mPress CTRL+C to quit[0m
2025-05-17 10:13:18,985 - werkzeug - INFO -  * Restarting with stat
2025-05-17 10:13:23,015 - main - INFO - Successfully downloaded NLTK package: punkt
2025-05-17 10:13:23,016 - main - INFO - Successfully downloaded NLTK package: stopwords
2025-05-17 10:13:23,017 - main - INFO - Successfully downloaded NLTK package: vader_lexicon
2025-05-17 10:13:23,018 - main - INFO - Loaded 12 resources from resources.json
2025-05-17 10:13:23,045 - werkzeug - WARNING -  * Debugger is active!
2025-05-17 10:13:23,049 - werkzeug - INFO -  * Debugger PIN: 969-495-034
2025-05-17 10:38:25,099 - werkzeug - INFO -  * Detected change in 'D:\\ReactFolio\\AIPoweredMentalHealthChatbot\\aipython\\app.py', reloading
2025-05-17 10:38:27,181 - werkzeug - INFO -  * Restarting with stat
2025-05-17 10:50:28,134 - main - INFO - Successfully downloaded NLTK package: punkt
2025-05-17 10:50:28,208 - main - INFO - Successfully downloaded NLTK package: stopwords
2025-05-17 10:50:28,246 - main - INFO - Successfully downloaded NLTK package: vader_lexicon
2025-05-17 10:50:28,261 - main - INFO - Loaded 12 resources from resources.json
2025-05-17 10:50:28,552 - werkzeug - INFO - [31m[1mWARNING: This is a development server. Do not use it in a production deployment. Use a production WSGI server instead.[0m
 * Running on all addresses (0.0.0.0)
 * Running on http://127.0.0.1:5000
 * Running on http://192.168.223.157:5000
2025-05-17 10:50:28,553 - werkzeug - INFO - [33mPress CTRL+C to quit[0m
2025-05-17 10:50:28,562 - werkzeug - INFO -  * Restarting with stat
2025-05-17 10:50:31,590 - main - INFO - Successfully downloaded NLTK package: punkt
2025-05-17 10:50:31,592 - main - INFO - Successfully downloaded NLTK package: stopwords
2025-05-17 10:50:31,592 - main - INFO - Successfully downloaded NLTK package: vader_lexicon
2025-05-17 10:50:31,593 - main - INFO - Loaded 12 resources from resources.json
2025-05-17 10:50:31,658 - werkzeug - WARNING -  * Debugger is active!
2025-05-17 10:50:31,664 - werkzeug - INFO -  * Debugger PIN: 969-495-034
2025-05-18 10:30:05,900 - main - INFO - Successfully downloaded NLTK package: punkt
2025-05-18 10:30:05,973 - main - INFO - Successfully downloaded NLTK package: stopwords
2025-05-18 10:30:06,007 - main - INFO - Successfully downloaded NLTK package: vader_lexicon
2025-05-18 10:30:06,072 - main - INFO - Loaded 12 resources from resources.json
2025-05-18 10:30:06,387 - werkzeug - INFO - [31m[1mWARNING: This is a development server. Do not use it in a production deployment. Use a production WSGI server instead.[0m
 * Running on all addresses (0.0.0.0)
 * Running on http://127.0.0.1:5000
 * Running on http://192.168.223.157:5000
2025-05-18 10:30:06,387 - werkzeug - INFO - [33mPress CTRL+C to quit[0m
2025-05-18 10:30:06,397 - werkzeug - INFO -  * Restarting with stat
2025-05-18 10:30:07,821 - main - INFO - Successfully downloaded NLTK package: punkt
2025-05-18 10:30:07,823 - main - INFO - Successfully downloaded NLTK package: stopwords
2025-05-18 10:30:07,825 - main - INFO - Successfully downloaded NLTK package: vader_lexicon
2025-05-18 10:30:07,826 - main - INFO - Loaded 12 resources from resources.json
2025-05-18 10:30:07,877 - werkzeug - WARNING -  * Debugger is active!
2025-05-18 10:30:07,883 - werkzeug - INFO -  * Debugger PIN: 129-961-973
2025-05-18 11:20:45,085 - main - INFO - Processed message from anonymous: sentiment=negative, is_crisis=False
2025-05-18 11:20:45,146 - werkzeug - INFO - 127.0.0.1 - - [18/May/2025 11:20:45] "POST /api/process HTTP/1.1" 200 -
2025-05-18 11:20:53,519 - main - INFO - Processed message from anonymous: sentiment=neutral, is_crisis=False
2025-05-18 11:20:53,523 - werkzeug - INFO - 127.0.0.1 - - [18/May/2025 11:20:53] "POST /api/process HTTP/1.1" 200 -
2025-05-18 11:54:57,585 - main - INFO - Processed message from anonymous: sentiment=negative, is_crisis=False
2025-05-18 11:54:57,710 - werkzeug - INFO - 127.0.0.1 - - [18/May/2025 11:54:57] "POST /api/process HTTP/1.1" 200 -
2025-05-18 11:57:22,505 - main - INFO - Processed message from anonymous: sentiment=neutral, is_crisis=False
2025-05-18 11:57:22,564 - werkzeug - INFO - 127.0.0.1 - - [18/May/2025 11:57:22] "POST /api/process HTTP/1.1" 200 -
2025-05-18 11:59:43,609 - main - INFO - Processed message from anonymous: sentiment=neutral, is_crisis=False
2025-05-18 11:59:43,675 - werkzeug - INFO - 127.0.0.1 - - [18/May/2025 11:59:43] "POST /api/process HTTP/1.1" 200 -
2025-05-18 12:01:57,922 - main - INFO - Processed message from anonymous: sentiment=neutral, is_crisis=False
2025-05-18 12:01:57,954 - werkzeug - INFO - 127.0.0.1 - - [18/May/2025 12:01:57] "POST /api/process HTTP/1.1" 200 -
2025-05-18 12:04:26,397 - main - INFO - Processed message from anonymous: sentiment=neutral, is_crisis=False
2025-05-18 12:04:26,455 - werkzeug - INFO - 127.0.0.1 - - [18/May/2025 12:04:26] "POST /api/process HTTP/1.1" 200 -
2025-05-18 12:57:10,763 - main - INFO - Successfully downloaded NLTK package: punkt
2025-05-18 12:57:10,812 - main - INFO - Successfully downloaded NLTK package: stopwords
2025-05-18 12:57:10,814 - main - INFO - Successfully downloaded NLTK package: vader_lexicon
2025-05-18 12:57:10,838 - main - INFO - Loaded 12 resources from resources.json
2025-05-18 12:57:11,158 - werkzeug - INFO - [31m[1mWARNING: This is a development server. Do not use it in a production deployment. Use a production WSGI server instead.[0m
 * Running on all addresses (0.0.0.0)
 * Running on http://127.0.0.1:5000
 * Running on http://192.168.223.157:5000
2025-05-18 12:57:11,158 - werkzeug - INFO - [33mPress CTRL+C to quit[0m
2025-05-18 12:57:11,165 - werkzeug - INFO -  * Restarting with stat
2025-05-18 12:57:13,831 - main - INFO - Successfully downloaded NLTK package: punkt
2025-05-18 12:57:13,832 - main - INFO - Successfully downloaded NLTK package: stopwords
2025-05-18 12:57:13,832 - main - INFO - Successfully downloaded NLTK package: vader_lexicon
2025-05-18 12:57:13,833 - main - INFO - Loaded 12 resources from resources.json
2025-05-18 12:57:13,853 - werkzeug - WARNING -  * Debugger is active!
2025-05-18 12:57:13,858 - werkzeug - INFO -  * Debugger PIN: 129-961-973
2025-05-18 13:03:49,576 - main - INFO - Processed message from anonymous: sentiment=negative, is_crisis=False
2025-05-18 13:03:49,619 - werkzeug - INFO - 127.0.0.1 - - [18/May/2025 13:03:49] "POST /api/process HTTP/1.1" 200 -
2025-05-18 13:06:26,215 - main - INFO - Processed message from anonymous: sentiment=neutral, is_crisis=False
2025-05-18 13:06:26,531 - werkzeug - INFO - 127.0.0.1 - - [18/May/2025 13:06:26] "POST /api/process HTTP/1.1" 200 -
2025-05-18 13:08:11,568 - main - INFO - Processed message from anonymous: sentiment=neutral, is_crisis=False
2025-05-18 13:08:11,621 - werkzeug - INFO - 127.0.0.1 - - [18/May/2025 13:08:11] "POST /api/process HTTP/1.1" 200 -
2025-05-18 13:18:42,463 - main - INFO - Processed message from anonymous: sentiment=negative, is_crisis=False
2025-05-18 13:18:42,512 - werkzeug - INFO - 127.0.0.1 - - [18/May/2025 13:18:42] "POST /api/process HTTP/1.1" 200 -
2025-05-18 13:18:58,040 - main - INFO - Processed message from anonymous: sentiment=negative, is_crisis=False
2025-05-18 13:18:58,169 - werkzeug - INFO - 127.0.0.1 - - [18/May/2025 13:18:58] "POST /api/process HTTP/1.1" 200 -
2025-05-18 13:19:20,364 - main - INFO - Processed message from anonymous: sentiment=negative, is_crisis=False
2025-05-18 13:19:20,417 - werkzeug - INFO - 127.0.0.1 - - [18/May/2025 13:19:20] "POST /api/process HTTP/1.1" 200 -
2025-05-18 13:20:34,492 - main - INFO - Processed message from anonymous: sentiment=negative, is_crisis=False
2025-05-18 13:20:34,551 - werkzeug - INFO - 127.0.0.1 - - [18/May/2025 13:20:34] "POST /api/process HTTP/1.1" 200 -
2025-05-18 13:25:35,833 - main - INFO - Processed message from anonymous: sentiment=neutral, is_crisis=False
2025-05-18 13:25:35,883 - werkzeug - INFO - 127.0.0.1 - - [18/May/2025 13:25:35] "POST /api/process HTTP/1.1" 200 -
2025-05-18 13:25:52,201 - main - INFO - Processed message from anonymous: sentiment=negative, is_crisis=False
2025-05-18 13:25:52,257 - werkzeug - INFO - 127.0.0.1 - - [18/May/2025 13:25:52] "POST /api/process HTTP/1.1" 200 -
2025-05-18 13:50:01,104 - main - INFO - Successfully downloaded NLTK package: punkt
2025-05-18 13:50:01,166 - main - INFO - Successfully downloaded NLTK package: stopwords
2025-05-18 13:50:01,169 - main - INFO - Successfully downloaded NLTK package: vader_lexicon
2025-05-18 13:50:01,200 - main - INFO - Loaded 12 resources from resources.json
2025-05-18 13:50:01,431 - werkzeug - INFO - [31m[1mWARNING: This is a development server. Do not use it in a production deployment. Use a production WSGI server instead.[0m
 * Running on all addresses (0.0.0.0)
 * Running on http://127.0.0.1:5000
 * Running on http://192.168.223.157:5000
2025-05-18 13:50:01,431 - werkzeug - INFO - [33mPress CTRL+C to quit[0m
2025-05-18 13:50:01,439 - werkzeug - INFO -  * Restarting with stat
2025-05-18 13:50:04,352 - main - INFO - Successfully downloaded NLTK package: punkt
2025-05-18 13:50:04,353 - main - INFO - Successfully downloaded NLTK package: stopwords
2025-05-18 13:50:04,354 - main - INFO - Successfully downloaded NLTK package: vader_lexicon
2025-05-18 13:50:04,354 - main - INFO - Loaded 12 resources from resources.json
2025-05-18 13:50:04,378 - werkzeug - WARNING -  * Debugger is active!
2025-05-18 13:50:04,382 - werkzeug - INFO -  * Debugger PIN: 129-961-973
2025-05-18 13:56:19,687 - main - INFO - Processed message from anonymous: sentiment=neutral, is_crisis=False
2025-05-18 13:56:19,695 - werkzeug - INFO - 127.0.0.1 - - [18/May/2025 13:56:19] "POST /api/process HTTP/1.1" 200 -
2025-05-19 10:05:47,077 - main - INFO - Successfully downloaded NLTK package: punkt
2025-05-19 10:05:47,140 - main - INFO - Successfully downloaded NLTK package: stopwords
2025-05-19 10:05:47,178 - main - INFO - Successfully downloaded NLTK package: vader_lexicon
2025-05-19 10:05:47,211 - main - INFO - Loaded 12 resources from resources.json
2025-05-19 10:05:47,551 - werkzeug - INFO - [31m[1mWARNING: This is a development server. Do not use it in a production deployment. Use a production WSGI server instead.[0m
 * Running on all addresses (0.0.0.0)
 * Running on http://127.0.0.1:5000
 * Running on http://192.168.223.157:5000
2025-05-19 10:05:47,551 - werkzeug - INFO - [33mPress CTRL+C to quit[0m
2025-05-19 10:05:47,559 - werkzeug - INFO -  * Restarting with stat
2025-05-19 10:05:48,978 - main - INFO - Successfully downloaded NLTK package: punkt
2025-05-19 10:05:48,980 - main - INFO - Successfully downloaded NLTK package: stopwords
2025-05-19 10:05:48,981 - main - INFO - Successfully downloaded NLTK package: vader_lexicon
2025-05-19 10:05:48,982 - main - INFO - Loaded 12 resources from resources.json
2025-05-19 10:05:49,020 - werkzeug - WARNING -  * Debugger is active!
2025-05-19 10:05:49,025 - werkzeug - INFO -  * Debugger PIN: 114-145-317
2025-05-19 10:22:40,760 - main - INFO - Processed message from anonymous: sentiment=negative, is_crisis=False
2025-05-19 10:22:40,831 - werkzeug - INFO - 127.0.0.1 - - [19/May/2025 10:22:40] "POST /api/process HTTP/1.1" 200 -
2025-05-19 10:23:11,934 - main - INFO - Processed message from anonymous: sentiment=neutral, is_crisis=False
2025-05-19 10:23:11,938 - werkzeug - INFO - 127.0.0.1 - - [19/May/2025 10:23:11] "POST /api/process HTTP/1.1" 200 -
2025-05-19 10:23:44,522 - main - INFO - Processed message from anonymous: sentiment=neutral, is_crisis=False
2025-05-19 10:23:44,526 - werkzeug - INFO - 127.0.0.1 - - [19/May/2025 10:23:44] "POST /api/process HTTP/1.1" 200 -
2025-05-19 10:24:21,383 - main - INFO - Processed message from anonymous: sentiment=neutral, is_crisis=False
2025-05-19 10:24:21,393 - werkzeug - INFO - 127.0.0.1 - - [19/May/2025 10:24:21] "POST /api/process HTTP/1.1" 200 -
2025-05-19 10:24:27,876 - main - INFO - Processed message from anonymous: sentiment=neutral, is_crisis=False
2025-05-19 10:24:27,905 - werkzeug - INFO - 127.0.0.1 - - [19/May/2025 10:24:27] "POST /api/process HTTP/1.1" 200 -
2025-05-19 10:27:37,082 - main - INFO - Processed message from anonymous: sentiment=neutral, is_crisis=False
2025-05-19 10:27:37,159 - werkzeug - INFO - 127.0.0.1 - - [19/May/2025 10:27:37] "POST /api/process HTTP/1.1" 200 -
2025-05-19 10:51:41,623 - main - INFO - Processed message from anonymous: sentiment=negative, is_crisis=False
2025-05-19 10:51:41,653 - werkzeug - INFO - 127.0.0.1 - - [19/May/2025 10:51:41] "POST /api/process HTTP/1.1" 200 -
2025-05-19 11:09:47,877 - werkzeug - INFO -  * Detected change in 'D:\\ReactFolio\\AIPoweredMentalHealthChatbot\\aipython\\app.py', reloading
2025-05-19 11:09:49,070 - werkzeug - INFO -  * Restarting with stat
2025-05-19 11:13:37,081 - werkzeug - INFO - [31m[1mWARNING: This is a development server. Do not use it in a production deployment. Use a production WSGI server instead.[0m
 * Running on all addresses (0.0.0.0)
 * Running on http://127.0.0.1:5000
 * Running on http://192.168.223.157:5000
2025-05-19 11:13:37,098 - werkzeug - INFO - [33mPress CTRL+C to quit[0m
2025-05-19 11:13:37,103 - werkzeug - INFO -  * Restarting with stat
2025-05-19 11:13:38,895 - werkzeug - WARNING -  * Debugger is active!
2025-05-19 11:13:38,902 - werkzeug - INFO -  * Debugger PIN: 114-145-317
2025-05-19 11:14:35,730 - main - INFO - Processed message from anonymous: sentiment=negative, is_crisis=False
2025-05-19 11:14:35,734 - werkzeug - INFO - 127.0.0.1 - - [19/May/2025 11:14:35] "POST /api/process HTTP/1.1" 200 -
2025-05-19 11:14:40,316 - main - INFO - Processed message from anonymous: sentiment=negative, is_crisis=False
2025-05-19 11:14:40,316 - werkzeug - INFO - 127.0.0.1 - - [19/May/2025 11:14:40] "POST /api/process HTTP/1.1" 200 -
2025-05-19 11:19:17,116 - main - INFO - Processed message from anonymous: sentiment=negative, is_crisis=False
2025-05-19 11:19:17,171 - werkzeug - INFO - 127.0.0.1 - - [19/May/2025 11:19:17] "POST /api/process HTTP/1.1" 200 -
2025-05-19 11:19:49,677 - main - INFO - Processed message from anonymous: sentiment=negative, is_crisis=False
2025-05-19 11:19:49,680 - werkzeug - INFO - 127.0.0.1 - - [19/May/2025 11:19:49] "POST /api/process HTTP/1.1" 200 -
2025-05-19 11:34:56,569 - main - INFO - Processed message from 682973d38e5a801c02138a41: sentiment=negative, is_crisis=False
2025-05-19 11:34:56,628 - werkzeug - INFO - 127.0.0.1 - - [19/May/2025 11:34:56] "POST /api/process HTTP/1.1" 200 -
2025-05-19 11:34:59,835 - main - INFO - Processed message from 682973d38e5a801c02138a41: sentiment=negative, is_crisis=False
2025-05-19 11:34:59,839 - werkzeug - INFO - 127.0.0.1 - - [19/May/2025 11:34:59] "POST /api/process HTTP/1.1" 200 -
2025-05-19 12:28:14,539 - main - INFO - Processed message from 682973d38e5a801c02138a41: sentiment=negative, is_crisis=False
2025-05-19 12:28:14,746 - werkzeug - INFO - 127.0.0.1 - - [19/May/2025 12:28:14] "POST /api/process HTTP/1.1" 200 -
2025-05-19 12:30:25,189 - main - INFO - Processed message from 682973d38e5a801c02138a41: sentiment=negative, is_crisis=False
2025-05-19 12:30:25,483 - werkzeug - INFO - 127.0.0.1 - - [19/May/2025 12:30:25] "POST /api/process HTTP/1.1" 200 -
2025-05-19 12:41:05,872 - werkzeug - INFO - [31m[1mWARNING: This is a development server. Do not use it in a production deployment. Use a production WSGI server instead.[0m
 * Running on all addresses (0.0.0.0)
 * Running on http://127.0.0.1:5000
 * Running on http://192.168.223.157:5000
2025-05-19 12:41:05,885 - werkzeug - INFO - [33mPress CTRL+C to quit[0m
2025-05-19 12:41:05,903 - werkzeug - INFO -  * Restarting with stat
2025-05-19 12:41:11,387 - werkzeug - WARNING -  * Debugger is active!
2025-05-19 12:41:11,393 - werkzeug - INFO -  * Debugger PIN: 114-145-317
2025-05-19 12:41:33,541 - main - INFO - Processed message from 682973d38e5a801c02138a41: sentiment=negative, is_crisis=False
2025-05-19 12:41:33,543 - werkzeug - INFO - 127.0.0.1 - - [19/May/2025 12:41:33] "POST /api/process HTTP/1.1" 200 -
2025-05-19 12:44:13,272 - main - INFO - Processed message from 682973d38e5a801c02138a41: sentiment=negative, is_crisis=False
2025-05-19 12:44:13,323 - werkzeug - INFO - 127.0.0.1 - - [19/May/2025 12:44:13] "POST /api/process HTTP/1.1" 200 -
2025-05-19 12:49:31,503 - main - INFO - Processed message from 682973d38e5a801c02138a41: sentiment=negative, is_crisis=False
2025-05-19 12:49:31,537 - werkzeug - INFO - 127.0.0.1 - - [19/May/2025 12:49:31] "POST /api/process HTTP/1.1" 200 -
2025-05-19 13:25:27,410 - main - INFO - Processed message from 682973d38e5a801c02138a41: sentiment=negative, is_crisis=False
2025-05-19 13:25:27,429 - werkzeug - INFO - 127.0.0.1 - - [19/May/2025 13:25:27] "POST /api/process HTTP/1.1" 200 -
2025-05-19 13:25:34,702 - main - INFO - Processed message from 682973d38e5a801c02138a41: sentiment=neutral, is_crisis=False
2025-05-19 13:25:34,728 - werkzeug - INFO - 127.0.0.1 - - [19/May/2025 13:25:34] "POST /api/process HTTP/1.1" 200 -
2025-05-19 13:25:40,374 - main - INFO - Processed message from 682973d38e5a801c02138a41: sentiment=negative, is_crisis=False
2025-05-19 13:25:40,375 - werkzeug - INFO - 127.0.0.1 - - [19/May/2025 13:25:40] "POST /api/process HTTP/1.1" 200 -
2025-06-10 11:04:29,258 - werkzeug - INFO - [31m[1mWARNING: This is a development server. Do not use it in a production deployment. Use a production WSGI server instead.[0m
 * Running on all addresses (0.0.0.0)
 * Running on http://127.0.0.1:5000
 * Running on http://172.18.37.28:5000
2025-06-10 11:04:29,281 - werkzeug - INFO - [33mPress CTRL+C to quit[0m
2025-06-10 11:04:29,318 - werkzeug - INFO -  * Restarting with stat
2025-06-10 11:04:34,806 - werkzeug - WARNING -  * Debugger is active!
2025-06-10 11:04:34,811 - werkzeug - INFO -  * Debugger PIN: 453-523-259
2025-06-10 11:09:08,753 - main - INFO - Processed message from anonymous: sentiment=negative, is_crisis=False
2025-06-10 11:09:09,728 - werkzeug - INFO - 127.0.0.1 - - [10/Jun/2025 11:09:09] "POST /api/process HTTP/1.1" 200 -
2025-06-10 12:08:58,815 - werkzeug - INFO - [31m[1mWARNING: This is a development server. Do not use it in a production deployment. Use a production WSGI server instead.[0m
 * Running on all addresses (0.0.0.0)
 * Running on http://127.0.0.1:5000
 * Running on http://172.18.37.28:5000
2025-06-10 12:08:58,816 - werkzeug - INFO - [33mPress CTRL+C to quit[0m
2025-06-10 12:08:58,843 - werkzeug - INFO -  * Restarting with stat
2025-06-10 12:09:00,092 - werkzeug - WARNING -  * Debugger is active!
2025-06-10 12:09:00,230 - werkzeug - INFO -  * Debugger PIN: 453-523-259
2025-06-10 12:24:09,136 - werkzeug - INFO - [31m[1mWARNING: This is a development server. Do not use it in a production deployment. Use a production WSGI server instead.[0m
 * Running on all addresses (0.0.0.0)
 * Running on http://127.0.0.1:5000
 * Running on http://172.18.37.28:5000
2025-06-10 12:24:09,136 - werkzeug - INFO - [33mPress CTRL+C to quit[0m
2025-06-10 12:24:09,139 - werkzeug - INFO -  * Restarting with stat
2025-06-10 12:24:10,274 - werkzeug - WARNING -  * Debugger is active!
2025-06-10 12:24:10,280 - werkzeug - INFO -  * Debugger PIN: 453-523-259
2025-06-10 12:28:54,899 - werkzeug - INFO - [31m[1mWARNING: This is a development server. Do not use it in a production deployment. Use a production WSGI server instead.[0m
 * Running on all addresses (0.0.0.0)
 * Running on http://127.0.0.1:5000
 * Running on http://172.18.37.28:5000
2025-06-10 12:28:54,899 - werkzeug - INFO - [33mPress CTRL+C to quit[0m
2025-06-10 12:28:54,902 - werkzeug - INFO -  * Restarting with stat
2025-06-10 12:28:56,086 - werkzeug - WARNING -  * Debugger is active!
2025-06-10 12:28:56,089 - werkzeug - INFO -  * Debugger PIN: 453-523-259
2025-06-13 11:23:24,904 - werkzeug - INFO - [31m[1mWARNING: This is a development server. Do not use it in a production deployment. Use a production WSGI server instead.[0m
 * Running on all addresses (0.0.0.0)
 * Running on http://127.0.0.1:5000
 * Running on http://172.18.37.28:5000
2025-06-13 11:23:24,918 - werkzeug - INFO - [33mPress CTRL+C to quit[0m
2025-06-13 11:23:24,926 - werkzeug - INFO -  * Restarting with stat
2025-06-13 11:23:42,340 - werkzeug - WARNING -  * Debugger is active!
2025-06-13 11:23:42,378 - werkzeug - INFO -  * Debugger PIN: 274-753-682
2025-06-13 11:57:59,120 - main - INFO - Processed message from anonymous: sentiment=negative, is_crisis=False
2025-06-13 11:57:59,181 - werkzeug - INFO - 127.0.0.1 - - [13/Jun/2025 11:57:59] "POST /api/process HTTP/1.1" 200 -
2025-06-13 12:18:19,851 - main - INFO - Processed message from 684bc4e939228fcf4ab42989: sentiment=negative, is_crisis=False
2025-06-13 12:18:19,866 - werkzeug - INFO - 127.0.0.1 - - [13/Jun/2025 12:18:19] "POST /api/process HTTP/1.1" 200 -
2025-06-14 19:54:34,724 - werkzeug - INFO - [31m[1mWARNING: This is a development server. Do not use it in a production deployment. Use a production WSGI server instead.[0m
 * Running on all addresses (0.0.0.0)
 * Running on http://127.0.0.1:5000
 * Running on http://192.168.31.114:5000
2025-06-14 19:54:34,725 - werkzeug - INFO - [33mPress CTRL+C to quit[0m
2025-06-14 19:54:34,750 - werkzeug - INFO -  * Restarting with stat
2025-06-14 19:54:38,384 - werkzeug - WARNING -  * Debugger is active!
2025-06-14 19:54:38,473 - werkzeug - INFO -  * Debugger PIN: 453-523-259
2025-06-14 20:08:06,344 - main - INFO - Processed message from 684d891989f200a40b393be2: sentiment=negative, is_crisis=False
2025-06-14 20:08:06,410 - werkzeug - INFO - 127.0.0.1 - - [14/Jun/2025 20:08:06] "POST /api/process HTTP/1.1" 200 -
2025-06-14 20:08:06,509 - main - INFO - Processed message from 684d891989f200a40b393be2: sentiment=negative, is_crisis=False
2025-06-14 20:08:06,512 - werkzeug - INFO - 127.0.0.1 - - [14/Jun/2025 20:08:06] "POST /api/process HTTP/1.1" 200 -
2025-06-14 20:10:44,217 - main - INFO - Processed message from 684d891989f200a40b393be2: sentiment=negative, is_crisis=False
2025-06-14 20:10:44,219 - werkzeug - INFO - 127.0.0.1 - - [14/Jun/2025 20:10:44] "POST /api/process HTTP/1.1" 200 -
2025-06-14 20:10:44,261 - main - INFO - Processed message from 684d891989f200a40b393be2: sentiment=negative, is_crisis=False
2025-06-14 20:10:44,263 - werkzeug - INFO - 127.0.0.1 - - [14/Jun/2025 20:10:44] "POST /api/process HTTP/1.1" 200 -
2025-06-14 20:11:10,232 - main - INFO - Processed message from 684d891989f200a40b393be2: sentiment=negative, is_crisis=False
2025-06-14 20:11:10,237 - werkzeug - INFO - 127.0.0.1 - - [14/Jun/2025 20:11:10] "POST /api/process HTTP/1.1" 200 -
2025-06-14 20:11:10,348 - main - INFO - Processed message from 684d891989f200a40b393be2: sentiment=negative, is_crisis=False
2025-06-14 20:11:10,354 - werkzeug - INFO - 127.0.0.1 - - [14/Jun/2025 20:11:10] "POST /api/process HTTP/1.1" 200 -
2025-06-14 22:15:58,657 - werkzeug - INFO - [31m[1mWARNING: This is a development server. Do not use it in a production deployment. Use a production WSGI server instead.[0m
 * Running on all addresses (0.0.0.0)
 * Running on http://127.0.0.1:5000
 * Running on http://192.168.31.114:5000
2025-06-14 22:15:58,673 - werkzeug - INFO - [33mPress CTRL+C to quit[0m
2025-06-14 22:15:58,676 - werkzeug - INFO -  * Restarting with stat
2025-06-14 22:15:59,842 - werkzeug - WARNING -  * Debugger is active!
2025-06-14 22:15:59,847 - werkzeug - INFO -  * Debugger PIN: 453-523-259
2025-07-22 22:09:43,881 - werkzeug - INFO - [31m[1mWARNING: This is a development server. Do not use it in a production deployment. Use a production WSGI server instead.[0m
 * Running on all addresses (0.0.0.0)
 * Running on http://127.0.0.1:5000
 * Running on http://192.168.31.114:5000
2025-07-22 22:09:43,891 - werkzeug - INFO - [33mPress CTRL+C to quit[0m
2025-07-22 22:09:43,894 - werkzeug - INFO -  * Restarting with stat
2025-07-22 22:09:45,729 - werkzeug - WARNING -  * Debugger is active!
2025-07-22 22:09:45,733 - werkzeug - INFO -  * Debugger PIN: 453-523-259
2025-07-22 22:19:26,197 - werkzeug - INFO - 127.0.0.1 - - [22/Jul/2025 22:19:26] "OPTIONS /api/auth/login HTTP/1.1" 200 -
2025-07-22 22:19:39,088 - werkzeug - INFO - 127.0.0.1 - - [22/Jul/2025 22:19:39] "[31m[1mGET /api/auth/login HTTP/1.1[0m" 405 -
2025-07-22 22:19:39,258 - werkzeug - INFO - 127.0.0.1 - - [22/Jul/2025 22:19:39] "[33mGET /favicon.ico HTTP/1.1[0m" 404 -
2025-07-22 22:21:22,035 - werkzeug - INFO - 127.0.0.1 - - [22/Jul/2025 22:21:22] "OPTIONS /api/auth/login HTTP/1.1" 200 -
2025-07-22 22:28:53,624 - main - INFO - Processed message from 687fc346fba67fd7d91d92b7: sentiment=neutral, is_crisis=False
2025-07-22 22:28:53,682 - werkzeug - INFO - 127.0.0.1 - - [22/Jul/2025 22:28:53] "POST /api/process HTTP/1.1" 200 -
2025-07-22 22:28:53,722 - main - INFO - Processed message from 687fc346fba67fd7d91d92b7: sentiment=neutral, is_crisis=False
2025-07-22 22:28:53,728 - werkzeug - INFO - 127.0.0.1 - - [22/Jul/2025 22:28:53] "POST /api/process HTTP/1.1" 200 -
2025-07-22 22:29:21,640 - main - INFO - Processed message from 687fc346fba67fd7d91d92b7: sentiment=neutral, is_crisis=False
2025-07-22 22:29:21,644 - werkzeug - INFO - 127.0.0.1 - - [22/Jul/2025 22:29:21] "POST /api/process HTTP/1.1" 200 -
2025-07-22 22:29:21,707 - main - INFO - Processed message from 687fc346fba67fd7d91d92b7: sentiment=neutral, is_crisis=False
2025-07-22 22:29:21,711 - werkzeug - INFO - 127.0.0.1 - - [22/Jul/2025 22:29:21] "POST /api/process HTTP/1.1" 200 -
2025-07-26 18:29:51,616 - werkzeug - INFO - [31m[1mWARNING: This is a development server. Do not use it in a production deployment. Use a production WSGI server instead.[0m
 * Running on all addresses (0.0.0.0)
 * Running on http://127.0.0.1:5000
 * Running on http://192.168.177.112:5000
2025-07-26 18:29:51,631 - werkzeug - INFO - [33mPress CTRL+C to quit[0m
2025-07-26 18:29:51,651 - werkzeug - INFO -  * Restarting with stat
2025-07-26 18:29:54,522 - werkzeug - WARNING -  * Debugger is active!
2025-07-26 18:29:54,570 - werkzeug - INFO -  * Debugger PIN: 118-217-793
2025-07-26 18:32:26,831 - werkzeug - INFO -  * Detected change in 'D:\\ReactFolio\\AIPoweredMentalHealthChatbot\\aipython\\app.py', reloading
2025-07-26 18:32:27,529 - werkzeug - INFO -  * Restarting with stat
2025-07-26 18:35:01,828 - werkzeug - INFO - [31m[1mWARNING: This is a development server. Do not use it in a production deployment. Use a production WSGI server instead.[0m
 * Running on all addresses (0.0.0.0)
 * Running on http://127.0.0.1:5000
 * Running on http://192.168.177.112:5000
2025-07-26 18:35:01,839 - werkzeug - INFO - [33mPress CTRL+C to quit[0m
2025-07-26 18:35:01,845 - werkzeug - INFO -  * Restarting with stat
2025-07-26 18:35:04,402 - werkzeug - WARNING -  * Debugger is active!
2025-07-26 18:35:04,406 - werkzeug - INFO -  * Debugger PIN: 118-217-793
2025-07-26 18:36:00,799 - werkzeug - INFO -  * Detected change in 'D:\\ReactFolio\\AIPoweredMentalHealthChatbot\\aipython\\app.py', reloading
2025-07-26 18:36:01,266 - werkzeug - INFO -  * Restarting with stat
2025-07-26 18:36:03,535 - werkzeug - WARNING -  * Debugger is active!
2025-07-26 18:36:03,538 - werkzeug - INFO -  * Debugger PIN: 118-217-793
2025-07-26 18:39:22,393 - werkzeug - INFO -  * Detected change in 'D:\\ReactFolio\\AIPoweredMentalHealthChatbot\\aipython\\app.py', reloading
2025-07-26 18:39:23,310 - werkzeug - INFO -  * Restarting with stat
2025-07-26 18:39:30,490 - werkzeug - WARNING -  * Debugger is active!
2025-07-26 18:39:30,506 - werkzeug - INFO -  * Debugger PIN: 118-217-793
2025-07-26 18:41:14,362 - main - INFO - Processed message from 687fc346fba67fd7d91d92b7: sentiment=negative, is_crisis=False
2025-07-26 18:41:14,374 - werkzeug - INFO - 127.0.0.1 - - [26/Jul/2025 18:41:14] "POST /api/process HTTP/1.1" 200 -
2025-07-26 18:41:14,526 - main - INFO - Processed message from 687fc346fba67fd7d91d92b7: sentiment=negative, is_crisis=False
2025-07-26 18:41:14,529 - werkzeug - INFO - 127.0.0.1 - - [26/Jul/2025 18:41:14] "POST /api/process HTTP/1.1" 200 -
2025-07-26 18:43:11,787 - main - INFO - Processed message from 687fc346fba67fd7d91d92b7: sentiment=negative, is_crisis=False
2025-07-26 18:43:11,793 - werkzeug - INFO - 127.0.0.1 - - [26/Jul/2025 18:43:11] "POST /api/process HTTP/1.1" 200 -
2025-07-26 18:43:11,869 - main - INFO - Processed message from 687fc346fba67fd7d91d92b7: sentiment=negative, is_crisis=False
2025-07-26 18:43:11,872 - werkzeug - INFO - 127.0.0.1 - - [26/Jul/2025 18:43:11] "POST /api/process HTTP/1.1" 200 -
2025-07-27 11:59:46,540 - werkzeug - INFO - [31m[1mWARNING: This is a development server. Do not use it in a production deployment. Use a production WSGI server instead.[0m
 * Running on all addresses (0.0.0.0)
 * Running on http://127.0.0.1:5000
 * Running on http://192.168.152.157:5000
2025-07-27 11:59:46,555 - werkzeug - INFO - [33mPress CTRL+C to quit[0m
2025-07-27 11:59:46,560 - werkzeug - INFO -  * Restarting with stat
2025-07-27 11:59:49,626 - werkzeug - WARNING -  * Debugger is active!
2025-07-27 11:59:49,662 - werkzeug - INFO -  * Debugger PIN: 418-669-663
2025-07-27 12:04:35,757 - werkzeug - INFO - 127.0.0.1 - - [27/Jul/2025 12:04:35] "[33mGET / HTTP/1.1[0m" 404 -
2025-07-27 12:04:36,080 - werkzeug - INFO - 127.0.0.1 - - [27/Jul/2025 12:04:36] "[33mGET /favicon.ico HTTP/1.1[0m" 404 -
2025-07-27 12:04:48,592 - werkzeug - INFO - 127.0.0.1 - - [27/Jul/2025 12:04:48] "[31m[1mGET /api/process HTTP/1.1[0m" 405 -
2025-07-27 12:04:48,882 - werkzeug - INFO - 127.0.0.1 - - [27/Jul/2025 12:04:48] "[33mGET /favicon.ico HTTP/1.1[0m" 404 -
2025-07-27 12:10:25,373 - main - INFO - Processed message from 6885c9bfc0c41da35ad554a8: sentiment=neutral, is_crisis=False
2025-07-27 12:10:25,709 - werkzeug - INFO - 127.0.0.1 - - [27/Jul/2025 12:10:25] "POST /api/process HTTP/1.1" 200 -
2025-07-27 12:10:26,411 - main - INFO - Processed message from 6885c9bfc0c41da35ad554a8: sentiment=neutral, is_crisis=False
2025-07-27 12:10:26,413 - werkzeug - INFO - 127.0.0.1 - - [27/Jul/2025 12:10:26] "POST /api/process HTTP/1.1" 200 -
2025-07-27 12:17:44,265 - werkzeug - INFO -  * Detected change in 'D:\\ReactFolio\\AIPoweredMentalHealthChatbot\\aipython\\app.py', reloading
2025-07-27 12:17:45,426 - werkzeug - INFO -  * Restarting with stat
2025-07-27 12:21:31,564 - werkzeug - INFO - [31m[1mWARNING: This is a development server. Do not use it in a production deployment. Use a production WSGI server instead.[0m
 * Running on all addresses (0.0.0.0)
 * Running on http://127.0.0.1:5000
 * Running on http://192.168.152.157:5000
2025-07-27 12:21:31,583 - werkzeug - INFO - [33mPress CTRL+C to quit[0m
2025-07-27 12:21:31,604 - werkzeug - INFO -  * Restarting with stat
2025-07-27 12:21:35,031 - werkzeug - WARNING -  * Debugger is active!
2025-07-27 12:21:35,090 - werkzeug - INFO -  * Debugger PIN: 418-669-663
2025-07-27 12:21:59,072 - main - INFO - Processed message from 6885c9bfc0c41da35ad554a8: sentiment=negative, is_crisis=False
2025-07-27 12:21:59,077 - werkzeug - INFO - 127.0.0.1 - - [27/Jul/2025 12:21:59] "POST /api/process HTTP/1.1" 200 -
2025-07-27 12:21:59,623 - main - INFO - Processed message from 6885c9bfc0c41da35ad554a8: sentiment=negative, is_crisis=False
2025-07-27 12:21:59,625 - werkzeug - INFO - 127.0.0.1 - - [27/Jul/2025 12:21:59] "POST /api/process HTTP/1.1" 200 -
